__WSBATCH_CMD_43076022 "source 6_quantify_pca.sh"
__WSBATCH_SB_43076022 sbatch --open-mode=append -J 6quantify --partition=shared-cpu --time=04:00:00 -o 6.out -e 6.err --wrap="source 6_quantify_pca.sh"
__WSBATCH_CMD_43076031 "source /home/users/a/avalosma/IMMUNE_CELLS/diana_scripts/A_CRDs/bayesian_trios/6_quantify_pca.sh"
__WSBATCH_SB_43076031 sbatch --open-mode=append -J 6quantify --partition=shared-cpu --time=04:00:00 -o 6.out -e 6.err --wrap="source /home/users/a/avalosma/IMMUNE_CELLS/diana_scripts/A_CRDs/bayesian_trios/6_quantify_pca.sh"

[32mclomics[0m
  * Authors : Olivier DELANEAU / Emmanouil DERMITZAKIS
  * Contact : olivier.delaneau@gmail.com
  * Webpage : XXX
  * Version : XXX
  * Date    : 08/02/2021 - 22:38:20

[32mQUANTIFY MODULES[0m

Initialize random number generator
  * Built-in seed is 15112011
  * First Integer = 30554
  * First Double = 0.0126695

Reading sample list from [/home/users/a/avalosma/scratch/0_CRD/quantif_M_methyl_neut.bed.gz]
  * #samples = 196

Reading sample list from [/home/users/a/avalosma/scratch/2_CRD/quantify_ALL/methyl_neut.ALLchr.mean.txt.gz]
  * #samples = 196

Merging sample sets from all input files
  * #files = 2
  * #samples in all files = 196

Scanning phenotype data in [/home/users/a/avalosma/scratch/0_CRD/quantif_M_methyl_neut.bed.gz]
  * 440905 phenotypes included

Scanning phenotype data in [/home/users/a/avalosma/scratch/2_CRD/quantify_ALL/methyl_neut.ALLchr.mean.txt.gz]
  * 6112 phenotypes included

Sorting phenotype data and allocating required memory
  * #samples = 196 #phenotypes = 447017

Reading phenotype data in [/home/users/a/avalosma/scratch/0_CRD/quantif_M_methyl_neut.bed.gz]
  * 440905 phenotypes included
  * 220493 phenotypes on the negative strand

Reading phenotype data in [/home/users/a/avalosma/scratch/2_CRD/quantify_ALL/methyl_neut.ALLchr.mean.txt.gz]
  * 6112 phenotypes included
  * 3101 phenotypes on the negative strand

Reading groups in [/home/users/a/avalosma/scratch/5_CRDgene/merged_nominal_1000/2_columns/methyl_neut_mean_mapping_CRD_gene_ALL.txt]
  * #found = 0
  * #total = 1804

Quantify activity of groups
  * quantification finished

Writing quantifications in [/home/users/a/avalosma/scratch/12_TRIPLETS/PC1/quantify/methyl_neut.chr1.pc1.txt.gz]
  * writing header
  * writing body

Running time: 48 seconds

[32mclomics[0m
  * Authors : Olivier DELANEAU / Emmanouil DERMITZAKIS
  * Contact : olivier.delaneau@gmail.com
  * Webpage : XXX
  * Version : XXX
  * Date    : 08/02/2021 - 22:39:08

[32mQUANTIFY MODULES[0m

Initialize random number generator
  * Built-in seed is 15112011
  * First Integer = 30554
  * First Double = 0.0126695

Reading sample list from [/home/users/a/avalosma/scratch/0_CRD/quantif_M_methyl_neut.bed.gz]
  * #samples = 196

Reading sample list from [/home/users/a/avalosma/scratch/2_CRD/quantify_ALL/methyl_neut.ALLchr.mean.txt.gz]
  * #samples = 196

Merging sample sets from all input files
  * #files = 2
  * #samples in all files = 196

Scanning phenotype data in [/home/users/a/avalosma/scratch/0_CRD/quantif_M_methyl_neut.bed.gz]
  * 440905 phenotypes included

Scanning phenotype data in [/home/users/a/avalosma/scratch/2_CRD/quantify_ALL/methyl_neut.ALLchr.mean.txt.gz]
  * 6112 phenotypes included

Sorting phenotype data and allocating required memory
  * #samples = 196 #phenotypes = 447017

Reading phenotype data in [/home/users/a/avalosma/scratch/0_CRD/quantif_M_methyl_neut.bed.gz]
  * 440905 phenotypes included
  * 220493 phenotypes on the negative strand

Reading phenotype data in [/home/users/a/avalosma/scratch/2_CRD/quantify_ALL/methyl_neut.ALLchr.mean.txt.gz]
  * 6112 phenotypes included
  * 3101 phenotypes on the negative strand

Reading groups in [/home/users/a/avalosma/scratch/5_CRDgene/merged_nominal_1000/2_columns/methyl_neut_mean_mapping_CRD_gene_ALL.txt]
  * #found = 0
  * #total = 1804

Quantify activity of groups
  * quantification finished

Writing quantifications in [/home/users/a/avalosma/scratch/12_TRIPLETS/PC1/quantify/methyl_neut.chr2.pc1.txt.gz]
  * writing header
  * writing body

Running time: 47 seconds

[32mclomics[0m
  * Authors : Olivier DELANEAU / Emmanouil DERMITZAKIS
  * Contact : olivier.delaneau@gmail.com
  * Webpage : XXX
  * Version : XXX
  * Date    : 08/02/2021 - 22:39:56

[32mQUANTIFY MODULES[0m

Initialize random number generator
  * Built-in seed is 15112011
  * First Integer = 30554
  * First Double = 0.0126695

Reading sample list from [/home/users/a/avalosma/scratch/0_CRD/quantif_M_methyl_neut.bed.gz]
  * #samples = 196

Reading sample list from [/home/users/a/avalosma/scratch/2_CRD/quantify_ALL/methyl_neut.ALLchr.mean.txt.gz]
  * #samples = 196

Merging sample sets from all input files
  * #files = 2
  * #samples in all files = 196

Scanning phenotype data in [/home/users/a/avalosma/scratch/0_CRD/quantif_M_methyl_neut.bed.gz]
  * 440905 phenotypes included

Scanning phenotype data in [/home/users/a/avalosma/scratch/2_CRD/quantify_ALL/methyl_neut.ALLchr.mean.txt.gz]
  * 6112 phenotypes included

Sorting phenotype data and allocating required memory
  * #samples = 196 #phenotypes = 447017

Reading phenotype data in [/home/users/a/avalosma/scratch/0_CRD/quantif_M_methyl_neut.bed.gz]
  * 440905 phenotypes included
  * 220493 phenotypes on the negative strand

Reading phenotype data in [/home/users/a/avalosma/scratch/2_CRD/quantify_ALL/methyl_neut.ALLchr.mean.txt.gz]
  * 6112 phenotypes included
  * 3101 phenotypes on the negative strand

Reading groups in [/home/users/a/avalosma/scratch/5_CRDgene/merged_nominal_1000/2_columns/methyl_neut_mean_mapping_CRD_gene_ALL.txt]
  * #found = 0
  * #total = 1804

Quantify activity of groups
  * quantification finished

Writing quantifications in [/home/users/a/avalosma/scratch/12_TRIPLETS/PC1/quantify/methyl_neut.chr3.pc1.txt.gz]
  * writing header
  * writing body

Running time: 47 seconds

[32mclomics[0m
  * Authors : Olivier DELANEAU / Emmanouil DERMITZAKIS
  * Contact : olivier.delaneau@gmail.com
  * Webpage : XXX
  * Version : XXX
  * Date    : 08/02/2021 - 22:40:44

[32mQUANTIFY MODULES[0m

Initialize random number generator
  * Built-in seed is 15112011
  * First Integer = 30554
  * First Double = 0.0126695

Reading sample list from [/home/users/a/avalosma/scratch/0_CRD/quantif_M_methyl_neut.bed.gz]
  * #samples = 196

Reading sample list from [/home/users/a/avalosma/scratch/2_CRD/quantify_ALL/methyl_neut.ALLchr.mean.txt.gz]
  * #samples = 196

Merging sample sets from all input files
  * #files = 2
  * #samples in all files = 196

Scanning phenotype data in [/home/users/a/avalosma/scratch/0_CRD/quantif_M_methyl_neut.bed.gz]
  * 440905 phenotypes included

Scanning phenotype data in [/home/users/a/avalosma/scratch/2_CRD/quantify_ALL/methyl_neut.ALLchr.mean.txt.gz]
  * 6112 phenotypes included

Sorting phenotype data and allocating required memory
  * #samples = 196 #phenotypes = 447017

Reading phenotype data in [/home/users/a/avalosma/scratch/0_CRD/quantif_M_methyl_neut.bed.gz]
  * 440905 phenotypes included
  * 220493 phenotypes on the negative strand

Reading phenotype data in [/home/users/a/avalosma/scratch/2_CRD/quantify_ALL/methyl_neut.ALLchr.mean.txt.gz]
  * 6112 phenotypes included
  * 3101 phenotypes on the negative strand

Reading groups in [/home/users/a/avalosma/scratch/5_CRDgene/merged_nominal_1000/2_columns/methyl_neut_mean_mapping_CRD_gene_ALL.txt]
  * #found = 0
  * #total = 1804

Quantify activity of groups
  * quantification finished

Writing quantifications in [/home/users/a/avalosma/scratch/12_TRIPLETS/PC1/quantify/methyl_neut.chr4.pc1.txt.gz]
  * writing header
  * writing body

Running time: 47 seconds

[32mclomics[0m
  * Authors : Olivier DELANEAU / Emmanouil DERMITZAKIS
  * Contact : olivier.delaneau@gmail.com
  * Webpage : XXX
  * Version : XXX
  * Date    : 08/02/2021 - 22:41:32

[32mQUANTIFY MODULES[0m

Initialize random number generator
  * Built-in seed is 15112011
  * First Integer = 30554
  * First Double = 0.0126695

Reading sample list from [/home/users/a/avalosma/scratch/0_CRD/quantif_M_methyl_neut.bed.gz]
  * #samples = 196

Reading sample list from [/home/users/a/avalosma/scratch/2_CRD/quantify_ALL/methyl_neut.ALLchr.mean.txt.gz]
  * #samples = 196

Merging sample sets from all input files
  * #files = 2
  * #samples in all files = 196

Scanning phenotype data in [/home/users/a/avalosma/scratch/0_CRD/quantif_M_methyl_neut.bed.gz]
  * 440905 phenotypes included

Scanning phenotype data in [/home/users/a/avalosma/scratch/2_CRD/quantify_ALL/methyl_neut.ALLchr.mean.txt.gz]
  * 6112 phenotypes included

Sorting phenotype data and allocating required memory
  * #samples = 196 #phenotypes = 447017

Reading phenotype data in [/home/users/a/avalosma/scratch/0_CRD/quantif_M_methyl_neut.bed.gz]
  * 440905 phenotypes included
  * 220493 phenotypes on the negative strand

Reading phenotype data in [/home/users/a/avalosma/scratch/2_CRD/quantify_ALL/methyl_neut.ALLchr.mean.txt.gz]
  * 6112 phenotypes included
  * 3101 phenotypes on the negative strand

Reading groups in [/home/users/a/avalosma/scratch/5_CRDgene/merged_nominal_1000/2_columns/methyl_neut_mean_mapping_CRD_gene_ALL.txt]
  * #found = 0
  * #total = 1804

Quantify activity of groups
  * quantification finished

Writing quantifications in [/home/users/a/avalosma/scratch/12_TRIPLETS/PC1/quantify/methyl_neut.chr5.pc1.txt.gz]
  * writing header
  * writing body

Running time: 47 seconds

[32mclomics[0m
  * Authors : Olivier DELANEAU / Emmanouil DERMITZAKIS
  * Contact : olivier.delaneau@gmail.com
  * Webpage : XXX
  * Version : XXX
  * Date    : 08/02/2021 - 22:42:20

[32mQUANTIFY MODULES[0m

Initialize random number generator
  * Built-in seed is 15112011
  * First Integer = 30554
  * First Double = 0.0126695

Reading sample list from [/home/users/a/avalosma/scratch/0_CRD/quantif_M_methyl_neut.bed.gz]
  * #samples = 196

Reading sample list from [/home/users/a/avalosma/scratch/2_CRD/quantify_ALL/methyl_neut.ALLchr.mean.txt.gz]
  * #samples = 196

Merging sample sets from all input files
  * #files = 2
  * #samples in all files = 196

Scanning phenotype data in [/home/users/a/avalosma/scratch/0_CRD/quantif_M_methyl_neut.bed.gz]
  * 440905 phenotypes included

Scanning phenotype data in [/home/users/a/avalosma/scratch/2_CRD/quantify_ALL/methyl_neut.ALLchr.mean.txt.gz]
  * 6112 phenotypes included

Sorting phenotype data and allocating required memory
  * #samples = 196 #phenotypes = 447017

Reading phenotype data in [/home/users/a/avalosma/scratch/0_CRD/quantif_M_methyl_neut.bed.gz]
  * 440905 phenotypes included
  * 220493 phenotypes on the negative strand

Reading phenotype data in [/home/users/a/avalosma/scratch/2_CRD/quantify_ALL/methyl_neut.ALLchr.mean.txt.gz]
  * 6112 phenotypes included
  * 3101 phenotypes on the negative strand

Reading groups in [/home/users/a/avalosma/scratch/5_CRDgene/merged_nominal_1000/2_columns/methyl_neut_mean_mapping_CRD_gene_ALL.txt]
  * #found = 0
  * #total = 1804

Quantify activity of groups
  * quantification finished

Writing quantifications in [/home/users/a/avalosma/scratch/12_TRIPLETS/PC1/quantify/methyl_neut.chr6.pc1.txt.gz]
  * writing header
  * writing body

Running time: 47 seconds

[32mclomics[0m
  * Authors : Olivier DELANEAU / Emmanouil DERMITZAKIS
  * Contact : olivier.delaneau@gmail.com
  * Webpage : XXX
  * Version : XXX
  * Date    : 08/02/2021 - 22:43:07

[32mQUANTIFY MODULES[0m

Initialize random number generator
  * Built-in seed is 15112011
  * First Integer = 30554
  * First Double = 0.0126695

Reading sample list from [/home/users/a/avalosma/scratch/0_CRD/quantif_M_methyl_neut.bed.gz]
  * #samples = 196

Reading sample list from [/home/users/a/avalosma/scratch/2_CRD/quantify_ALL/methyl_neut.ALLchr.mean.txt.gz]
  * #samples = 196

Merging sample sets from all input files
  * #files = 2
  * #samples in all files = 196

Scanning phenotype data in [/home/users/a/avalosma/scratch/0_CRD/quantif_M_methyl_neut.bed.gz]
  * 440905 phenotypes included

Scanning phenotype data in [/home/users/a/avalosma/scratch/2_CRD/quantify_ALL/methyl_neut.ALLchr.mean.txt.gz]
  * 6112 phenotypes included

Sorting phenotype data and allocating required memory
  * #samples = 196 #phenotypes = 447017

Reading phenotype data in [/home/users/a/avalosma/scratch/0_CRD/quantif_M_methyl_neut.bed.gz]
  * 440905 phenotypes included
  * 220493 phenotypes on the negative strand

Reading phenotype data in [/home/users/a/avalosma/scratch/2_CRD/quantify_ALL/methyl_neut.ALLchr.mean.txt.gz]
  * 6112 phenotypes included
  * 3101 phenotypes on the negative strand

Reading groups in [/home/users/a/avalosma/scratch/5_CRDgene/merged_nominal_1000/2_columns/methyl_neut_mean_mapping_CRD_gene_ALL.txt]
  * #found = 0
  * #total = 1804

Quantify activity of groups
  * quantification finished

Writing quantifications in [/home/users/a/avalosma/scratch/12_TRIPLETS/PC1/quantify/methyl_neut.chr7.pc1.txt.gz]
  * writing header
  * writing body

Running time: 46 seconds

[32mclomics[0m
  * Authors : Olivier DELANEAU / Emmanouil DERMITZAKIS
  * Contact : olivier.delaneau@gmail.com
  * Webpage : XXX
  * Version : XXX
  * Date    : 08/02/2021 - 22:43:54

[32mQUANTIFY MODULES[0m

Initialize random number generator
  * Built-in seed is 15112011
  * First Integer = 30554
  * First Double = 0.0126695

Reading sample list from [/home/users/a/avalosma/scratch/0_CRD/quantif_M_methyl_neut.bed.gz]
  * #samples = 196

Reading sample list from [/home/users/a/avalosma/scratch/2_CRD/quantify_ALL/methyl_neut.ALLchr.mean.txt.gz]
  * #samples = 196

Merging sample sets from all input files
  * #files = 2
  * #samples in all files = 196

Scanning phenotype data in [/home/users/a/avalosma/scratch/0_CRD/quantif_M_methyl_neut.bed.gz]
  * 440905 phenotypes included

Scanning phenotype data in [/home/users/a/avalosma/scratch/2_CRD/quantify_ALL/methyl_neut.ALLchr.mean.txt.gz]
  * 6112 phenotypes included

Sorting phenotype data and allocating required memory
  * #samples = 196 #phenotypes = 447017

Reading phenotype data in [/home/users/a/avalosma/scratch/0_CRD/quantif_M_methyl_neut.bed.gz]
  * 440905 phenotypes included
  * 220493 phenotypes on the negative strand

Reading phenotype data in [/home/users/a/avalosma/scratch/2_CRD/quantify_ALL/methyl_neut.ALLchr.mean.txt.gz]
  * 6112 phenotypes included
  * 3101 phenotypes on the negative strand

Reading groups in [/home/users/a/avalosma/scratch/5_CRDgene/merged_nominal_1000/2_columns/methyl_neut_mean_mapping_CRD_gene_ALL.txt]
  * #found = 0
  * #total = 1804

Quantify activity of groups
  * quantification finished

Writing quantifications in [/home/users/a/avalosma/scratch/12_TRIPLETS/PC1/quantify/methyl_neut.chr8.pc1.txt.gz]
  * writing header
  * writing body

Running time: 46 seconds

[32mclomics[0m
  * Authors : Olivier DELANEAU / Emmanouil DERMITZAKIS
  * Contact : olivier.delaneau@gmail.com
  * Webpage : XXX
  * Version : XXX
  * Date    : 08/02/2021 - 22:44:40

[32mQUANTIFY MODULES[0m

Initialize random number generator
  * Built-in seed is 15112011
  * First Integer = 30554
  * First Double = 0.0126695

Reading sample list from [/home/users/a/avalosma/scratch/0_CRD/quantif_M_methyl_neut.bed.gz]
  * #samples = 196

Reading sample list from [/home/users/a/avalosma/scratch/2_CRD/quantify_ALL/methyl_neut.ALLchr.mean.txt.gz]
  * #samples = 196

Merging sample sets from all input files
  * #files = 2
  * #samples in all files = 196

Scanning phenotype data in [/home/users/a/avalosma/scratch/0_CRD/quantif_M_methyl_neut.bed.gz]
  * 440905 phenotypes included

Scanning phenotype data in [/home/users/a/avalosma/scratch/2_CRD/quantify_ALL/methyl_neut.ALLchr.mean.txt.gz]
  * 6112 phenotypes included

Sorting phenotype data and allocating required memory
  * #samples = 196 #phenotypes = 447017

Reading phenotype data in [/home/users/a/avalosma/scratch/0_CRD/quantif_M_methyl_neut.bed.gz]
  * 440905 phenotypes included
  * 220493 phenotypes on the negative strand

Reading phenotype data in [/home/users/a/avalosma/scratch/2_CRD/quantify_ALL/methyl_neut.ALLchr.mean.txt.gz]
  * 6112 phenotypes included
  * 3101 phenotypes on the negative strand

Reading groups in [/home/users/a/avalosma/scratch/5_CRDgene/merged_nominal_1000/2_columns/methyl_neut_mean_mapping_CRD_gene_ALL.txt]
  * #found = 0
  * #total = 1804

Quantify activity of groups
  * quantification finished

Writing quantifications in [/home/users/a/avalosma/scratch/12_TRIPLETS/PC1/quantify/methyl_neut.chr9.pc1.txt.gz]
  * writing header
  * writing body

Running time: 46 seconds

[32mclomics[0m
  * Authors : Olivier DELANEAU / Emmanouil DERMITZAKIS
  * Contact : olivier.delaneau@gmail.com
  * Webpage : XXX
  * Version : XXX
  * Date    : 08/02/2021 - 22:45:27

[32mQUANTIFY MODULES[0m

Initialize random number generator
  * Built-in seed is 15112011
  * First Integer = 30554
  * First Double = 0.0126695

Reading sample list from [/home/users/a/avalosma/scratch/0_CRD/quantif_M_methyl_neut.bed.gz]
  * #samples = 196

Reading sample list from [/home/users/a/avalosma/scratch/2_CRD/quantify_ALL/methyl_neut.ALLchr.mean.txt.gz]
  * #samples = 196

Merging sample sets from all input files
  * #files = 2
  * #samples in all files = 196

Scanning phenotype data in [/home/users/a/avalosma/scratch/0_CRD/quantif_M_methyl_neut.bed.gz]
  * 440905 phenotypes included

Scanning phenotype data in [/home/users/a/avalosma/scratch/2_CRD/quantify_ALL/methyl_neut.ALLchr.mean.txt.gz]
  * 6112 phenotypes included

Sorting phenotype data and allocating required memory
  * #samples = 196 #phenotypes = 447017

Reading phenotype data in [/home/users/a/avalosma/scratch/0_CRD/quantif_M_methyl_neut.bed.gz]
  * 440905 phenotypes included
  * 220493 phenotypes on the negative strand

Reading phenotype data in [/home/users/a/avalosma/scratch/2_CRD/quantify_ALL/methyl_neut.ALLchr.mean.txt.gz]
  * 6112 phenotypes included
  * 3101 phenotypes on the negative strand

Reading groups in [/home/users/a/avalosma/scratch/5_CRDgene/merged_nominal_1000/2_columns/methyl_neut_mean_mapping_CRD_gene_ALL.txt]
  * #found = 0
  * #total = 1804

Quantify activity of groups
  * quantification finished

Writing quantifications in [/home/users/a/avalosma/scratch/12_TRIPLETS/PC1/quantify/methyl_neut.chr10.pc1.txt.gz]
  * writing header
  * writing body

Running time: 46 seconds

[32mclomics[0m
  * Authors : Olivier DELANEAU / Emmanouil DERMITZAKIS
  * Contact : olivier.delaneau@gmail.com
  * Webpage : XXX
  * Version : XXX
  * Date    : 08/02/2021 - 22:46:13

[32mQUANTIFY MODULES[0m

Initialize random number generator
  * Built-in seed is 15112011
  * First Integer = 30554
  * First Double = 0.0126695

Reading sample list from [/home/users/a/avalosma/scratch/0_CRD/quantif_M_methyl_neut.bed.gz]
  * #samples = 196

Reading sample list from [/home/users/a/avalosma/scratch/2_CRD/quantify_ALL/methyl_neut.ALLchr.mean.txt.gz]
  * #samples = 196

Merging sample sets from all input files
  * #files = 2
  * #samples in all files = 196

Scanning phenotype data in [/home/users/a/avalosma/scratch/0_CRD/quantif_M_methyl_neut.bed.gz]
  * 440905 phenotypes included

Scanning phenotype data in [/home/users/a/avalosma/scratch/2_CRD/quantify_ALL/methyl_neut.ALLchr.mean.txt.gz]
  * 6112 phenotypes included

Sorting phenotype data and allocating required memory
  * #samples = 196 #phenotypes = 447017

Reading phenotype data in [/home/users/a/avalosma/scratch/0_CRD/quantif_M_methyl_neut.bed.gz]
  * 440905 phenotypes included
  * 220493 phenotypes on the negative strand

Reading phenotype data in [/home/users/a/avalosma/scratch/2_CRD/quantify_ALL/methyl_neut.ALLchr.mean.txt.gz]
  * 6112 phenotypes included
  * 3101 phenotypes on the negative strand

Reading groups in [/home/users/a/avalosma/scratch/5_CRDgene/merged_nominal_1000/2_columns/methyl_neut_mean_mapping_CRD_gene_ALL.txt]
  * #found = 0
  * #total = 1804

Quantify activity of groups
  * quantification finished

Writing quantifications in [/home/users/a/avalosma/scratch/12_TRIPLETS/PC1/quantify/methyl_neut.chr11.pc1.txt.gz]
  * writing header
  * writing body

Running time: 46 seconds

[32mclomics[0m
  * Authors : Olivier DELANEAU / Emmanouil DERMITZAKIS
  * Contact : olivier.delaneau@gmail.com
  * Webpage : XXX
  * Version : XXX
  * Date    : 08/02/2021 - 22:47:00

[32mQUANTIFY MODULES[0m

Initialize random number generator
  * Built-in seed is 15112011
  * First Integer = 30554
  * First Double = 0.0126695

Reading sample list from [/home/users/a/avalosma/scratch/0_CRD/quantif_M_methyl_neut.bed.gz]
  * #samples = 196

Reading sample list from [/home/users/a/avalosma/scratch/2_CRD/quantify_ALL/methyl_neut.ALLchr.mean.txt.gz]
  * #samples = 196

Merging sample sets from all input files
  * #files = 2
  * #samples in all files = 196

Scanning phenotype data in [/home/users/a/avalosma/scratch/0_CRD/quantif_M_methyl_neut.bed.gz]
  * 440905 phenotypes included

Scanning phenotype data in [/home/users/a/avalosma/scratch/2_CRD/quantify_ALL/methyl_neut.ALLchr.mean.txt.gz]
  * 6112 phenotypes included

Sorting phenotype data and allocating required memory
  * #samples = 196 #phenotypes = 447017

Reading phenotype data in [/home/users/a/avalosma/scratch/0_CRD/quantif_M_methyl_neut.bed.gz]
  * 440905 phenotypes included
  * 220493 phenotypes on the negative strand

Reading phenotype data in [/home/users/a/avalosma/scratch/2_CRD/quantify_ALL/methyl_neut.ALLchr.mean.txt.gz]
  * 6112 phenotypes included
  * 3101 phenotypes on the negative strand

Reading groups in [/home/users/a/avalosma/scratch/5_CRDgene/merged_nominal_1000/2_columns/methyl_neut_mean_mapping_CRD_gene_ALL.txt]
  * #found = 0
  * #total = 1804

Quantify activity of groups
  * quantification finished

Writing quantifications in [/home/users/a/avalosma/scratch/12_TRIPLETS/PC1/quantify/methyl_neut.chr12.pc1.txt.gz]
  * writing header
  * writing body

Running time: 47 seconds

[32mclomics[0m
  * Authors : Olivier DELANEAU / Emmanouil DERMITZAKIS
  * Contact : olivier.delaneau@gmail.com
  * Webpage : XXX
  * Version : XXX
  * Date    : 08/02/2021 - 22:47:48

[32mQUANTIFY MODULES[0m

Initialize random number generator
  * Built-in seed is 15112011
  * First Integer = 30554
  * First Double = 0.0126695

Reading sample list from [/home/users/a/avalosma/scratch/0_CRD/quantif_M_methyl_neut.bed.gz]
  * #samples = 196

Reading sample list from [/home/users/a/avalosma/scratch/2_CRD/quantify_ALL/methyl_neut.ALLchr.mean.txt.gz]
  * #samples = 196

Merging sample sets from all input files
  * #files = 2
  * #samples in all files = 196

Scanning phenotype data in [/home/users/a/avalosma/scratch/0_CRD/quantif_M_methyl_neut.bed.gz]
  * 440905 phenotypes included

Scanning phenotype data in [/home/users/a/avalosma/scratch/2_CRD/quantify_ALL/methyl_neut.ALLchr.mean.txt.gz]
  * 6112 phenotypes included

Sorting phenotype data and allocating required memory
  * #samples = 196 #phenotypes = 447017

Reading phenotype data in [/home/users/a/avalosma/scratch/0_CRD/quantif_M_methyl_neut.bed.gz]
  * 440905 phenotypes included
  * 220493 phenotypes on the negative strand

Reading phenotype data in [/home/users/a/avalosma/scratch/2_CRD/quantify_ALL/methyl_neut.ALLchr.mean.txt.gz]
  * 6112 phenotypes included
  * 3101 phenotypes on the negative strand

Reading groups in [/home/users/a/avalosma/scratch/5_CRDgene/merged_nominal_1000/2_columns/methyl_neut_mean_mapping_CRD_gene_ALL.txt]
  * #found = 0
  * #total = 1804

Quantify activity of groups
  * quantification finished

Writing quantifications in [/home/users/a/avalosma/scratch/12_TRIPLETS/PC1/quantify/methyl_neut.chr13.pc1.txt.gz]
  * writing header
  * writing body

Running time: 46 seconds

[32mclomics[0m
  * Authors : Olivier DELANEAU / Emmanouil DERMITZAKIS
  * Contact : olivier.delaneau@gmail.com
  * Webpage : XXX
  * Version : XXX
  * Date    : 08/02/2021 - 22:48:34

[32mQUANTIFY MODULES[0m

Initialize random number generator
  * Built-in seed is 15112011
  * First Integer = 30554
  * First Double = 0.0126695

Reading sample list from [/home/users/a/avalosma/scratch/0_CRD/quantif_M_methyl_neut.bed.gz]
  * #samples = 196

Reading sample list from [/home/users/a/avalosma/scratch/2_CRD/quantify_ALL/methyl_neut.ALLchr.mean.txt.gz]
  * #samples = 196

Merging sample sets from all input files
  * #files = 2
  * #samples in all files = 196

Scanning phenotype data in [/home/users/a/avalosma/scratch/0_CRD/quantif_M_methyl_neut.bed.gz]
  * 440905 phenotypes included

Scanning phenotype data in [/home/users/a/avalosma/scratch/2_CRD/quantify_ALL/methyl_neut.ALLchr.mean.txt.gz]
  * 6112 phenotypes included

Sorting phenotype data and allocating required memory
  * #samples = 196 #phenotypes = 447017

Reading phenotype data in [/home/users/a/avalosma/scratch/0_CRD/quantif_M_methyl_neut.bed.gz]
  * 440905 phenotypes included
  * 220493 phenotypes on the negative strand

Reading phenotype data in [/home/users/a/avalosma/scratch/2_CRD/quantify_ALL/methyl_neut.ALLchr.mean.txt.gz]
  * 6112 phenotypes included
  * 3101 phenotypes on the negative strand

Reading groups in [/home/users/a/avalosma/scratch/5_CRDgene/merged_nominal_1000/2_columns/methyl_neut_mean_mapping_CRD_gene_ALL.txt]
  * #found = 0
  * #total = 1804

Quantify activity of groups
  * quantification finished

Writing quantifications in [/home/users/a/avalosma/scratch/12_TRIPLETS/PC1/quantify/methyl_neut.chr14.pc1.txt.gz]
  * writing header
  * writing body

Running time: 46 seconds

[32mclomics[0m
  * Authors : Olivier DELANEAU / Emmanouil DERMITZAKIS
  * Contact : olivier.delaneau@gmail.com
  * Webpage : XXX
  * Version : XXX
  * Date    : 08/02/2021 - 22:49:21

[32mQUANTIFY MODULES[0m

Initialize random number generator
  * Built-in seed is 15112011
  * First Integer = 30554
  * First Double = 0.0126695

Reading sample list from [/home/users/a/avalosma/scratch/0_CRD/quantif_M_methyl_neut.bed.gz]
  * #samples = 196

Reading sample list from [/home/users/a/avalosma/scratch/2_CRD/quantify_ALL/methyl_neut.ALLchr.mean.txt.gz]
  * #samples = 196

Merging sample sets from all input files
  * #files = 2
  * #samples in all files = 196

Scanning phenotype data in [/home/users/a/avalosma/scratch/0_CRD/quantif_M_methyl_neut.bed.gz]
  * 440905 phenotypes included

Scanning phenotype data in [/home/users/a/avalosma/scratch/2_CRD/quantify_ALL/methyl_neut.ALLchr.mean.txt.gz]
  * 6112 phenotypes included

Sorting phenotype data and allocating required memory
  * #samples = 196 #phenotypes = 447017

Reading phenotype data in [/home/users/a/avalosma/scratch/0_CRD/quantif_M_methyl_neut.bed.gz]
  * 440905 phenotypes included
  * 220493 phenotypes on the negative strand

Reading phenotype data in [/home/users/a/avalosma/scratch/2_CRD/quantify_ALL/methyl_neut.ALLchr.mean.txt.gz]
  * 6112 phenotypes included
  * 3101 phenotypes on the negative strand

Reading groups in [/home/users/a/avalosma/scratch/5_CRDgene/merged_nominal_1000/2_columns/methyl_neut_mean_mapping_CRD_gene_ALL.txt]
  * #found = 0
  * #total = 1804

Quantify activity of groups
  * quantification finished

Writing quantifications in [/home/users/a/avalosma/scratch/12_TRIPLETS/PC1/quantify/methyl_neut.chr15.pc1.txt.gz]
  * writing header
  * writing body

Running time: 46 seconds

[32mclomics[0m
  * Authors : Olivier DELANEAU / Emmanouil DERMITZAKIS
  * Contact : olivier.delaneau@gmail.com
  * Webpage : XXX
  * Version : XXX
  * Date    : 08/02/2021 - 22:50:08

[32mQUANTIFY MODULES[0m

Initialize random number generator
  * Built-in seed is 15112011
  * First Integer = 30554
  * First Double = 0.0126695

Reading sample list from [/home/users/a/avalosma/scratch/0_CRD/quantif_M_methyl_neut.bed.gz]
  * #samples = 196

Reading sample list from [/home/users/a/avalosma/scratch/2_CRD/quantify_ALL/methyl_neut.ALLchr.mean.txt.gz]
  * #samples = 196

Merging sample sets from all input files
  * #files = 2
  * #samples in all files = 196

Scanning phenotype data in [/home/users/a/avalosma/scratch/0_CRD/quantif_M_methyl_neut.bed.gz]
  * 440905 phenotypes included

Scanning phenotype data in [/home/users/a/avalosma/scratch/2_CRD/quantify_ALL/methyl_neut.ALLchr.mean.txt.gz]
  * 6112 phenotypes included

Sorting phenotype data and allocating required memory
  * #samples = 196 #phenotypes = 447017

Reading phenotype data in [/home/users/a/avalosma/scratch/0_CRD/quantif_M_methyl_neut.bed.gz]
  * 440905 phenotypes included
  * 220493 phenotypes on the negative strand

Reading phenotype data in [/home/users/a/avalosma/scratch/2_CRD/quantify_ALL/methyl_neut.ALLchr.mean.txt.gz]
  * 6112 phenotypes included
  * 3101 phenotypes on the negative strand

Reading groups in [/home/users/a/avalosma/scratch/5_CRDgene/merged_nominal_1000/2_columns/methyl_neut_mean_mapping_CRD_gene_ALL.txt]
  * #found = 0
  * #total = 1804

Quantify activity of groups
  * quantification finished

Writing quantifications in [/home/users/a/avalosma/scratch/12_TRIPLETS/PC1/quantify/methyl_neut.chr16.pc1.txt.gz]
  * writing header
  * writing body

Running time: 45 seconds

[32mclomics[0m
  * Authors : Olivier DELANEAU / Emmanouil DERMITZAKIS
  * Contact : olivier.delaneau@gmail.com
  * Webpage : XXX
  * Version : XXX
  * Date    : 08/02/2021 - 22:50:53

[32mQUANTIFY MODULES[0m

Initialize random number generator
  * Built-in seed is 15112011
  * First Integer = 30554
  * First Double = 0.0126695

Reading sample list from [/home/users/a/avalosma/scratch/0_CRD/quantif_M_methyl_neut.bed.gz]
  * #samples = 196

Reading sample list from [/home/users/a/avalosma/scratch/2_CRD/quantify_ALL/methyl_neut.ALLchr.mean.txt.gz]
  * #samples = 196

Merging sample sets from all input files
  * #files = 2
  * #samples in all files = 196

Scanning phenotype data in [/home/users/a/avalosma/scratch/0_CRD/quantif_M_methyl_neut.bed.gz]
  * 440905 phenotypes included

Scanning phenotype data in [/home/users/a/avalosma/scratch/2_CRD/quantify_ALL/methyl_neut.ALLchr.mean.txt.gz]
  * 6112 phenotypes included

Sorting phenotype data and allocating required memory
  * #samples = 196 #phenotypes = 447017

Reading phenotype data in [/home/users/a/avalosma/scratch/0_CRD/quantif_M_methyl_neut.bed.gz]
  * 440905 phenotypes included
  * 220493 phenotypes on the negative strand

Reading phenotype data in [/home/users/a/avalosma/scratch/2_CRD/quantify_ALL/methyl_neut.ALLchr.mean.txt.gz]
  * 6112 phenotypes included
  * 3101 phenotypes on the negative strand

Reading groups in [/home/users/a/avalosma/scratch/5_CRDgene/merged_nominal_1000/2_columns/methyl_neut_mean_mapping_CRD_gene_ALL.txt]
  * #found = 0
  * #total = 1804

Quantify activity of groups
  * quantification finished

Writing quantifications in [/home/users/a/avalosma/scratch/12_TRIPLETS/PC1/quantify/methyl_neut.chr17.pc1.txt.gz]
  * writing header
  * writing body

Running time: 45 seconds

[32mclomics[0m
  * Authors : Olivier DELANEAU / Emmanouil DERMITZAKIS
  * Contact : olivier.delaneau@gmail.com
  * Webpage : XXX
  * Version : XXX
  * Date    : 08/02/2021 - 22:51:38

[32mQUANTIFY MODULES[0m

Initialize random number generator
  * Built-in seed is 15112011
  * First Integer = 30554
  * First Double = 0.0126695

Reading sample list from [/home/users/a/avalosma/scratch/0_CRD/quantif_M_methyl_neut.bed.gz]
  * #samples = 196

Reading sample list from [/home/users/a/avalosma/scratch/2_CRD/quantify_ALL/methyl_neut.ALLchr.mean.txt.gz]
  * #samples = 196

Merging sample sets from all input files
  * #files = 2
  * #samples in all files = 196

Scanning phenotype data in [/home/users/a/avalosma/scratch/0_CRD/quantif_M_methyl_neut.bed.gz]
  * 440905 phenotypes included

Scanning phenotype data in [/home/users/a/avalosma/scratch/2_CRD/quantify_ALL/methyl_neut.ALLchr.mean.txt.gz]
  * 6112 phenotypes included

Sorting phenotype data and allocating required memory
  * #samples = 196 #phenotypes = 447017

Reading phenotype data in [/home/users/a/avalosma/scratch/0_CRD/quantif_M_methyl_neut.bed.gz]
  * 440905 phenotypes included
  * 220493 phenotypes on the negative strand

Reading phenotype data in [/home/users/a/avalosma/scratch/2_CRD/quantify_ALL/methyl_neut.ALLchr.mean.txt.gz]
  * 6112 phenotypes included
  * 3101 phenotypes on the negative strand

Reading groups in [/home/users/a/avalosma/scratch/5_CRDgene/merged_nominal_1000/2_columns/methyl_neut_mean_mapping_CRD_gene_ALL.txt]
  * #found = 0
  * #total = 1804

Quantify activity of groups
  * quantification finished

Writing quantifications in [/home/users/a/avalosma/scratch/12_TRIPLETS/PC1/quantify/methyl_neut.chr18.pc1.txt.gz]
  * writing header
  * writing body

Running time: 44 seconds

[32mclomics[0m
  * Authors : Olivier DELANEAU / Emmanouil DERMITZAKIS
  * Contact : olivier.delaneau@gmail.com
  * Webpage : XXX
  * Version : XXX
  * Date    : 08/02/2021 - 22:52:23

[32mQUANTIFY MODULES[0m

Initialize random number generator
  * Built-in seed is 15112011
  * First Integer = 30554
  * First Double = 0.0126695

Reading sample list from [/home/users/a/avalosma/scratch/0_CRD/quantif_M_methyl_neut.bed.gz]
  * #samples = 196

Reading sample list from [/home/users/a/avalosma/scratch/2_CRD/quantify_ALL/methyl_neut.ALLchr.mean.txt.gz]
  * #samples = 196

Merging sample sets from all input files
  * #files = 2
  * #samples in all files = 196

Scanning phenotype data in [/home/users/a/avalosma/scratch/0_CRD/quantif_M_methyl_neut.bed.gz]
  * 440905 phenotypes included

Scanning phenotype data in [/home/users/a/avalosma/scratch/2_CRD/quantify_ALL/methyl_neut.ALLchr.mean.txt.gz]
  * 6112 phenotypes included

Sorting phenotype data and allocating required memory
  * #samples = 196 #phenotypes = 447017

Reading phenotype data in [/home/users/a/avalosma/scratch/0_CRD/quantif_M_methyl_neut.bed.gz]
  * 440905 phenotypes included
  * 220493 phenotypes on the negative strand

Reading phenotype data in [/home/users/a/avalosma/scratch/2_CRD/quantify_ALL/methyl_neut.ALLchr.mean.txt.gz]
  * 6112 phenotypes included
  * 3101 phenotypes on the negative strand

Reading groups in [/home/users/a/avalosma/scratch/5_CRDgene/merged_nominal_1000/2_columns/methyl_neut_mean_mapping_CRD_gene_ALL.txt]
  * #found = 0
  * #total = 1804

Quantify activity of groups
  * quantification finished

Writing quantifications in [/home/users/a/avalosma/scratch/12_TRIPLETS/PC1/quantify/methyl_neut.chr19.pc1.txt.gz]
  * writing header
  * writing body

Running time: 44 seconds

[32mclomics[0m
  * Authors : Olivier DELANEAU / Emmanouil DERMITZAKIS
  * Contact : olivier.delaneau@gmail.com
  * Webpage : XXX
  * Version : XXX
  * Date    : 08/02/2021 - 22:53:07

[32mQUANTIFY MODULES[0m

Initialize random number generator
  * Built-in seed is 15112011
  * First Integer = 30554
  * First Double = 0.0126695

Reading sample list from [/home/users/a/avalosma/scratch/0_CRD/quantif_M_methyl_neut.bed.gz]
  * #samples = 196

Reading sample list from [/home/users/a/avalosma/scratch/2_CRD/quantify_ALL/methyl_neut.ALLchr.mean.txt.gz]
  * #samples = 196

Merging sample sets from all input files
  * #files = 2
  * #samples in all files = 196

Scanning phenotype data in [/home/users/a/avalosma/scratch/0_CRD/quantif_M_methyl_neut.bed.gz]
  * 440905 phenotypes included

Scanning phenotype data in [/home/users/a/avalosma/scratch/2_CRD/quantify_ALL/methyl_neut.ALLchr.mean.txt.gz]
  * 6112 phenotypes included

Sorting phenotype data and allocating required memory
  * #samples = 196 #phenotypes = 447017

Reading phenotype data in [/home/users/a/avalosma/scratch/0_CRD/quantif_M_methyl_neut.bed.gz]
  * 440905 phenotypes included
  * 220493 phenotypes on the negative strand

Reading phenotype data in [/home/users/a/avalosma/scratch/2_CRD/quantify_ALL/methyl_neut.ALLchr.mean.txt.gz]
  * 6112 phenotypes included
  * 3101 phenotypes on the negative strand

Reading groups in [/home/users/a/avalosma/scratch/5_CRDgene/merged_nominal_1000/2_columns/methyl_neut_mean_mapping_CRD_gene_ALL.txt]
  * #found = 0
  * #total = 1804

Quantify activity of groups
  * quantification finished

Writing quantifications in [/home/users/a/avalosma/scratch/12_TRIPLETS/PC1/quantify/methyl_neut.chr20.pc1.txt.gz]
  * writing header
  * writing body

Running time: 46 seconds

[32mclomics[0m
  * Authors : Olivier DELANEAU / Emmanouil DERMITZAKIS
  * Contact : olivier.delaneau@gmail.com
  * Webpage : XXX
  * Version : XXX
  * Date    : 08/02/2021 - 22:53:54

[32mQUANTIFY MODULES[0m

Initialize random number generator
  * Built-in seed is 15112011
  * First Integer = 30554
  * First Double = 0.0126695

Reading sample list from [/home/users/a/avalosma/scratch/0_CRD/quantif_M_methyl_neut.bed.gz]
  * #samples = 196

Reading sample list from [/home/users/a/avalosma/scratch/2_CRD/quantify_ALL/methyl_neut.ALLchr.mean.txt.gz]
  * #samples = 196

Merging sample sets from all input files
  * #files = 2
  * #samples in all files = 196

Scanning phenotype data in [/home/users/a/avalosma/scratch/0_CRD/quantif_M_methyl_neut.bed.gz]
  * 440905 phenotypes included

Scanning phenotype data in [/home/users/a/avalosma/scratch/2_CRD/quantify_ALL/methyl_neut.ALLchr.mean.txt.gz]
  * 6112 phenotypes included

Sorting phenotype data and allocating required memory
  * #samples = 196 #phenotypes = 447017

Reading phenotype data in [/home/users/a/avalosma/scratch/0_CRD/quantif_M_methyl_neut.bed.gz]
  * 440905 phenotypes included
  * 220493 phenotypes on the negative strand

Reading phenotype data in [/home/users/a/avalosma/scratch/2_CRD/quantify_ALL/methyl_neut.ALLchr.mean.txt.gz]
  * 6112 phenotypes included
  * 3101 phenotypes on the negative strand

Reading groups in [/home/users/a/avalosma/scratch/5_CRDgene/merged_nominal_1000/2_columns/methyl_neut_mean_mapping_CRD_gene_ALL.txt]
  * #found = 0
  * #total = 1804

Quantify activity of groups
  * quantification finished

Writing quantifications in [/home/users/a/avalosma/scratch/12_TRIPLETS/PC1/quantify/methyl_neut.chr21.pc1.txt.gz]
  * writing header
  * writing body

Running time: 47 seconds

[32mclomics[0m
  * Authors : Olivier DELANEAU / Emmanouil DERMITZAKIS
  * Contact : olivier.delaneau@gmail.com
  * Webpage : XXX
  * Version : XXX
  * Date    : 08/02/2021 - 22:54:42

[32mQUANTIFY MODULES[0m

Initialize random number generator
  * Built-in seed is 15112011
  * First Integer = 30554
  * First Double = 0.0126695

Reading sample list from [/home/users/a/avalosma/scratch/0_CRD/quantif_M_methyl_neut.bed.gz]
  * #samples = 196

Reading sample list from [/home/users/a/avalosma/scratch/2_CRD/quantify_ALL/methyl_neut.ALLchr.mean.txt.gz]
  * #samples = 196

Merging sample sets from all input files
  * #files = 2
  * #samples in all files = 196

Scanning phenotype data in [/home/users/a/avalosma/scratch/0_CRD/quantif_M_methyl_neut.bed.gz]
  * 440905 phenotypes included

Scanning phenotype data in [/home/users/a/avalosma/scratch/2_CRD/quantify_ALL/methyl_neut.ALLchr.mean.txt.gz]
  * 6112 phenotypes included

Sorting phenotype data and allocating required memory
  * #samples = 196 #phenotypes = 447017

Reading phenotype data in [/home/users/a/avalosma/scratch/0_CRD/quantif_M_methyl_neut.bed.gz]
  * 440905 phenotypes included
  * 220493 phenotypes on the negative strand

Reading phenotype data in [/home/users/a/avalosma/scratch/2_CRD/quantify_ALL/methyl_neut.ALLchr.mean.txt.gz]
  * 6112 phenotypes included
  * 3101 phenotypes on the negative strand

Reading groups in [/home/users/a/avalosma/scratch/5_CRDgene/merged_nominal_1000/2_columns/methyl_neut_mean_mapping_CRD_gene_ALL.txt]
  * #found = 0
  * #total = 1804

Quantify activity of groups
  * quantification finished

Writing quantifications in [/home/users/a/avalosma/scratch/12_TRIPLETS/PC1/quantify/methyl_neut.chr22.pc1.txt.gz]
  * writing header
  * writing body

Running time: 47 seconds

[32mclomics[0m
  * Authors : Olivier DELANEAU / Emmanouil DERMITZAKIS
  * Contact : olivier.delaneau@gmail.com
  * Webpage : XXX
  * Version : XXX
  * Date    : 08/02/2021 - 22:55:30

[32mQUANTIFY MODULES[0m

Initialize random number generator
  * Built-in seed is 15112011
  * First Integer = 30554
  * First Double = 0.0126695

Reading sample list from [/home/users/a/avalosma/scratch/0_CRD/quantif_M_methyl_mono.bed.gz]
  * #samples = 196

Reading sample list from [/home/users/a/avalosma/scratch/2_CRD/quantify_ALL/methyl_mono.ALLchr.mean.txt.gz]
  * #samples = 196

Merging sample sets from all input files
  * #files = 2
  * #samples in all files = 196

Scanning phenotype data in [/home/users/a/avalosma/scratch/0_CRD/quantif_M_methyl_mono.bed.gz]
  * 440905 phenotypes included

Scanning phenotype data in [/home/users/a/avalosma/scratch/2_CRD/quantify_ALL/methyl_mono.ALLchr.mean.txt.gz]
  * 6053 phenotypes included

Sorting phenotype data and allocating required memory
  * #samples = 196 #phenotypes = 446958

Reading phenotype data in [/home/users/a/avalosma/scratch/0_CRD/quantif_M_methyl_mono.bed.gz]
  * 440905 phenotypes included
  * 220493 phenotypes on the negative strand

Reading phenotype data in [/home/users/a/avalosma/scratch/2_CRD/quantify_ALL/methyl_mono.ALLchr.mean.txt.gz]
  * 6053 phenotypes included
  * 3056 phenotypes on the negative strand

Reading groups in [/home/users/a/avalosma/scratch/5_CRDgene/merged_nominal_1000/2_columns/methyl_mono_mean_mapping_CRD_gene_ALL.txt]
  * #found = 0
  * #total = 2064

Quantify activity of groups
  * quantification finished

Writing quantifications in [/home/users/a/avalosma/scratch/12_TRIPLETS/PC1/quantify/methyl_mono.chr1.pc1.txt.gz]
  * writing header
  * writing body

Running time: 49 seconds

[32mclomics[0m
  * Authors : Olivier DELANEAU / Emmanouil DERMITZAKIS
  * Contact : olivier.delaneau@gmail.com
  * Webpage : XXX
  * Version : XXX
  * Date    : 08/02/2021 - 22:56:20

[32mQUANTIFY MODULES[0m

Initialize random number generator
  * Built-in seed is 15112011
  * First Integer = 30554
  * First Double = 0.0126695

Reading sample list from [/home/users/a/avalosma/scratch/0_CRD/quantif_M_methyl_mono.bed.gz]
  * #samples = 196

Reading sample list from [/home/users/a/avalosma/scratch/2_CRD/quantify_ALL/methyl_mono.ALLchr.mean.txt.gz]
  * #samples = 196

Merging sample sets from all input files
  * #files = 2
  * #samples in all files = 196

Scanning phenotype data in [/home/users/a/avalosma/scratch/0_CRD/quantif_M_methyl_mono.bed.gz]
  * 440905 phenotypes included

Scanning phenotype data in [/home/users/a/avalosma/scratch/2_CRD/quantify_ALL/methyl_mono.ALLchr.mean.txt.gz]
  * 6053 phenotypes included

Sorting phenotype data and allocating required memory
  * #samples = 196 #phenotypes = 446958

Reading phenotype data in [/home/users/a/avalosma/scratch/0_CRD/quantif_M_methyl_mono.bed.gz]
  * 440905 phenotypes included
  * 220493 phenotypes on the negative strand

Reading phenotype data in [/home/users/a/avalosma/scratch/2_CRD/quantify_ALL/methyl_mono.ALLchr.mean.txt.gz]
  * 6053 phenotypes included
  * 3056 phenotypes on the negative strand

Reading groups in [/home/users/a/avalosma/scratch/5_CRDgene/merged_nominal_1000/2_columns/methyl_mono_mean_mapping_CRD_gene_ALL.txt]
  * #found = 0
  * #total = 2064

Quantify activity of groups
  * quantification finished

Writing quantifications in [/home/users/a/avalosma/scratch/12_TRIPLETS/PC1/quantify/methyl_mono.chr2.pc1.txt.gz]
  * writing header
  * writing body

Running time: 45 seconds

[32mclomics[0m
  * Authors : Olivier DELANEAU / Emmanouil DERMITZAKIS
  * Contact : olivier.delaneau@gmail.com
  * Webpage : XXX
  * Version : XXX
  * Date    : 08/02/2021 - 22:57:05

[32mQUANTIFY MODULES[0m

Initialize random number generator
  * Built-in seed is 15112011
  * First Integer = 30554
  * First Double = 0.0126695

Reading sample list from [/home/users/a/avalosma/scratch/0_CRD/quantif_M_methyl_mono.bed.gz]
  * #samples = 196

Reading sample list from [/home/users/a/avalosma/scratch/2_CRD/quantify_ALL/methyl_mono.ALLchr.mean.txt.gz]
  * #samples = 196

Merging sample sets from all input files
  * #files = 2
  * #samples in all files = 196

Scanning phenotype data in [/home/users/a/avalosma/scratch/0_CRD/quantif_M_methyl_mono.bed.gz]
  * 440905 phenotypes included

Scanning phenotype data in [/home/users/a/avalosma/scratch/2_CRD/quantify_ALL/methyl_mono.ALLchr.mean.txt.gz]
  * 6053 phenotypes included

Sorting phenotype data and allocating required memory
  * #samples = 196 #phenotypes = 446958

Reading phenotype data in [/home/users/a/avalosma/scratch/0_CRD/quantif_M_methyl_mono.bed.gz]
  * 440905 phenotypes included
  * 220493 phenotypes on the negative strand

Reading phenotype data in [/home/users/a/avalosma/scratch/2_CRD/quantify_ALL/methyl_mono.ALLchr.mean.txt.gz]
  * 6053 phenotypes included
  * 3056 phenotypes on the negative strand

Reading groups in [/home/users/a/avalosma/scratch/5_CRDgene/merged_nominal_1000/2_columns/methyl_mono_mean_mapping_CRD_gene_ALL.txt]
  * #found = 0
  * #total = 2064

Quantify activity of groups
  * quantification finished

Writing quantifications in [/home/users/a/avalosma/scratch/12_TRIPLETS/PC1/quantify/methyl_mono.chr3.pc1.txt.gz]
  * writing header
  * writing body

Running time: 46 seconds

[32mclomics[0m
  * Authors : Olivier DELANEAU / Emmanouil DERMITZAKIS
  * Contact : olivier.delaneau@gmail.com
  * Webpage : XXX
  * Version : XXX
  * Date    : 08/02/2021 - 22:57:52

[32mQUANTIFY MODULES[0m

Initialize random number generator
  * Built-in seed is 15112011
  * First Integer = 30554
  * First Double = 0.0126695

Reading sample list from [/home/users/a/avalosma/scratch/0_CRD/quantif_M_methyl_mono.bed.gz]
  * #samples = 196

Reading sample list from [/home/users/a/avalosma/scratch/2_CRD/quantify_ALL/methyl_mono.ALLchr.mean.txt.gz]
  * #samples = 196

Merging sample sets from all input files
  * #files = 2
  * #samples in all files = 196

Scanning phenotype data in [/home/users/a/avalosma/scratch/0_CRD/quantif_M_methyl_mono.bed.gz]
  * 440905 phenotypes included

Scanning phenotype data in [/home/users/a/avalosma/scratch/2_CRD/quantify_ALL/methyl_mono.ALLchr.mean.txt.gz]
  * 6053 phenotypes included

Sorting phenotype data and allocating required memory
  * #samples = 196 #phenotypes = 446958

Reading phenotype data in [/home/users/a/avalosma/scratch/0_CRD/quantif_M_methyl_mono.bed.gz]
  * 440905 phenotypes included
  * 220493 phenotypes on the negative strand

Reading phenotype data in [/home/users/a/avalosma/scratch/2_CRD/quantify_ALL/methyl_mono.ALLchr.mean.txt.gz]
  * 6053 phenotypes included
  * 3056 phenotypes on the negative strand

Reading groups in [/home/users/a/avalosma/scratch/5_CRDgene/merged_nominal_1000/2_columns/methyl_mono_mean_mapping_CRD_gene_ALL.txt]
  * #found = 0
  * #total = 2064

Quantify activity of groups
  * quantification finished

Writing quantifications in [/home/users/a/avalosma/scratch/12_TRIPLETS/PC1/quantify/methyl_mono.chr4.pc1.txt.gz]
  * writing header
  * writing body

Running time: 47 seconds

[32mclomics[0m
  * Authors : Olivier DELANEAU / Emmanouil DERMITZAKIS
  * Contact : olivier.delaneau@gmail.com
  * Webpage : XXX
  * Version : XXX
  * Date    : 08/02/2021 - 22:58:39

[32mQUANTIFY MODULES[0m

Initialize random number generator
  * Built-in seed is 15112011
  * First Integer = 30554
  * First Double = 0.0126695

Reading sample list from [/home/users/a/avalosma/scratch/0_CRD/quantif_M_methyl_mono.bed.gz]
  * #samples = 196

Reading sample list from [/home/users/a/avalosma/scratch/2_CRD/quantify_ALL/methyl_mono.ALLchr.mean.txt.gz]
  * #samples = 196

Merging sample sets from all input files
  * #files = 2
  * #samples in all files = 196

Scanning phenotype data in [/home/users/a/avalosma/scratch/0_CRD/quantif_M_methyl_mono.bed.gz]
  * 440905 phenotypes included

Scanning phenotype data in [/home/users/a/avalosma/scratch/2_CRD/quantify_ALL/methyl_mono.ALLchr.mean.txt.gz]
  * 6053 phenotypes included

Sorting phenotype data and allocating required memory
  * #samples = 196 #phenotypes = 446958

Reading phenotype data in [/home/users/a/avalosma/scratch/0_CRD/quantif_M_methyl_mono.bed.gz]
  * 440905 phenotypes included
  * 220493 phenotypes on the negative strand

Reading phenotype data in [/home/users/a/avalosma/scratch/2_CRD/quantify_ALL/methyl_mono.ALLchr.mean.txt.gz]
  * 6053 phenotypes included
  * 3056 phenotypes on the negative strand

Reading groups in [/home/users/a/avalosma/scratch/5_CRDgene/merged_nominal_1000/2_columns/methyl_mono_mean_mapping_CRD_gene_ALL.txt]
  * #found = 0
  * #total = 2064

Quantify activity of groups
  * quantification finished

Writing quantifications in [/home/users/a/avalosma/scratch/12_TRIPLETS/PC1/quantify/methyl_mono.chr5.pc1.txt.gz]
  * writing header
  * writing body

Running time: 46 seconds

[32mclomics[0m
  * Authors : Olivier DELANEAU / Emmanouil DERMITZAKIS
  * Contact : olivier.delaneau@gmail.com
  * Webpage : XXX
  * Version : XXX
  * Date    : 08/02/2021 - 22:59:26

[32mQUANTIFY MODULES[0m

Initialize random number generator
  * Built-in seed is 15112011
  * First Integer = 30554
  * First Double = 0.0126695

Reading sample list from [/home/users/a/avalosma/scratch/0_CRD/quantif_M_methyl_mono.bed.gz]
  * #samples = 196

Reading sample list from [/home/users/a/avalosma/scratch/2_CRD/quantify_ALL/methyl_mono.ALLchr.mean.txt.gz]
  * #samples = 196

Merging sample sets from all input files
  * #files = 2
  * #samples in all files = 196

Scanning phenotype data in [/home/users/a/avalosma/scratch/0_CRD/quantif_M_methyl_mono.bed.gz]
  * 440905 phenotypes included

Scanning phenotype data in [/home/users/a/avalosma/scratch/2_CRD/quantify_ALL/methyl_mono.ALLchr.mean.txt.gz]
  * 6053 phenotypes included

Sorting phenotype data and allocating required memory
  * #samples = 196 #phenotypes = 446958

Reading phenotype data in [/home/users/a/avalosma/scratch/0_CRD/quantif_M_methyl_mono.bed.gz]
  * 440905 phenotypes included
  * 220493 phenotypes on the negative strand

Reading phenotype data in [/home/users/a/avalosma/scratch/2_CRD/quantify_ALL/methyl_mono.ALLchr.mean.txt.gz]
  * 6053 phenotypes included
  * 3056 phenotypes on the negative strand

Reading groups in [/home/users/a/avalosma/scratch/5_CRDgene/merged_nominal_1000/2_columns/methyl_mono_mean_mapping_CRD_gene_ALL.txt]
  * #found = 0
  * #total = 2064

Quantify activity of groups
  * quantification finished

Writing quantifications in [/home/users/a/avalosma/scratch/12_TRIPLETS/PC1/quantify/methyl_mono.chr6.pc1.txt.gz]
  * writing header
  * writing body

Running time: 47 seconds

[32mclomics[0m
  * Authors : Olivier DELANEAU / Emmanouil DERMITZAKIS
  * Contact : olivier.delaneau@gmail.com
  * Webpage : XXX
  * Version : XXX
  * Date    : 08/02/2021 - 23:00:13

[32mQUANTIFY MODULES[0m

Initialize random number generator
  * Built-in seed is 15112011
  * First Integer = 30554
  * First Double = 0.0126695

Reading sample list from [/home/users/a/avalosma/scratch/0_CRD/quantif_M_methyl_mono.bed.gz]
  * #samples = 196

Reading sample list from [/home/users/a/avalosma/scratch/2_CRD/quantify_ALL/methyl_mono.ALLchr.mean.txt.gz]
  * #samples = 196

Merging sample sets from all input files
  * #files = 2
  * #samples in all files = 196

Scanning phenotype data in [/home/users/a/avalosma/scratch/0_CRD/quantif_M_methyl_mono.bed.gz]
  * 440905 phenotypes included

Scanning phenotype data in [/home/users/a/avalosma/scratch/2_CRD/quantify_ALL/methyl_mono.ALLchr.mean.txt.gz]
  * 6053 phenotypes included

Sorting phenotype data and allocating required memory
  * #samples = 196 #phenotypes = 446958

Reading phenotype data in [/home/users/a/avalosma/scratch/0_CRD/quantif_M_methyl_mono.bed.gz]
  * 440905 phenotypes included
  * 220493 phenotypes on the negative strand

Reading phenotype data in [/home/users/a/avalosma/scratch/2_CRD/quantify_ALL/methyl_mono.ALLchr.mean.txt.gz]
  * 6053 phenotypes included
  * 3056 phenotypes on the negative strand

Reading groups in [/home/users/a/avalosma/scratch/5_CRDgene/merged_nominal_1000/2_columns/methyl_mono_mean_mapping_CRD_gene_ALL.txt]
  * #found = 0
  * #total = 2064

Quantify activity of groups
  * quantification finished

Writing quantifications in [/home/users/a/avalosma/scratch/12_TRIPLETS/PC1/quantify/methyl_mono.chr7.pc1.txt.gz]
  * writing header
  * writing body

Running time: 48 seconds

[32mclomics[0m
  * Authors : Olivier DELANEAU / Emmanouil DERMITZAKIS
  * Contact : olivier.delaneau@gmail.com
  * Webpage : XXX
  * Version : XXX
  * Date    : 08/02/2021 - 23:01:02

[32mQUANTIFY MODULES[0m

Initialize random number generator
  * Built-in seed is 15112011
  * First Integer = 30554
  * First Double = 0.0126695

Reading sample list from [/home/users/a/avalosma/scratch/0_CRD/quantif_M_methyl_mono.bed.gz]
  * #samples = 196

Reading sample list from [/home/users/a/avalosma/scratch/2_CRD/quantify_ALL/methyl_mono.ALLchr.mean.txt.gz]
  * #samples = 196

Merging sample sets from all input files
  * #files = 2
  * #samples in all files = 196

Scanning phenotype data in [/home/users/a/avalosma/scratch/0_CRD/quantif_M_methyl_mono.bed.gz]
  * 440905 phenotypes included

Scanning phenotype data in [/home/users/a/avalosma/scratch/2_CRD/quantify_ALL/methyl_mono.ALLchr.mean.txt.gz]
  * 6053 phenotypes included

Sorting phenotype data and allocating required memory
  * #samples = 196 #phenotypes = 446958

Reading phenotype data in [/home/users/a/avalosma/scratch/0_CRD/quantif_M_methyl_mono.bed.gz]
  * 440905 phenotypes included
  * 220493 phenotypes on the negative strand

Reading phenotype data in [/home/users/a/avalosma/scratch/2_CRD/quantify_ALL/methyl_mono.ALLchr.mean.txt.gz]
  * 6053 phenotypes included
  * 3056 phenotypes on the negative strand

Reading groups in [/home/users/a/avalosma/scratch/5_CRDgene/merged_nominal_1000/2_columns/methyl_mono_mean_mapping_CRD_gene_ALL.txt]
  * #found = 0
  * #total = 2064

Quantify activity of groups
  * quantification finished

Writing quantifications in [/home/users/a/avalosma/scratch/12_TRIPLETS/PC1/quantify/methyl_mono.chr8.pc1.txt.gz]
  * writing header
  * writing body

Running time: 48 seconds

[32mclomics[0m
  * Authors : Olivier DELANEAU / Emmanouil DERMITZAKIS
  * Contact : olivier.delaneau@gmail.com
  * Webpage : XXX
  * Version : XXX
  * Date    : 08/02/2021 - 23:01:50

[32mQUANTIFY MODULES[0m

Initialize random number generator
  * Built-in seed is 15112011
  * First Integer = 30554
  * First Double = 0.0126695

Reading sample list from [/home/users/a/avalosma/scratch/0_CRD/quantif_M_methyl_mono.bed.gz]
  * #samples = 196

Reading sample list from [/home/users/a/avalosma/scratch/2_CRD/quantify_ALL/methyl_mono.ALLchr.mean.txt.gz]
  * #samples = 196

Merging sample sets from all input files
  * #files = 2
  * #samples in all files = 196

Scanning phenotype data in [/home/users/a/avalosma/scratch/0_CRD/quantif_M_methyl_mono.bed.gz]
  * 440905 phenotypes included

Scanning phenotype data in [/home/users/a/avalosma/scratch/2_CRD/quantify_ALL/methyl_mono.ALLchr.mean.txt.gz]
  * 6053 phenotypes included

Sorting phenotype data and allocating required memory
  * #samples = 196 #phenotypes = 446958

Reading phenotype data in [/home/users/a/avalosma/scratch/0_CRD/quantif_M_methyl_mono.bed.gz]
